# Comments are welcome!
fedora64-11-fedora-11_64.tar.gz
fedora32-11-fedora-11_32.tar.gz
fedora64-10-fedora-10_64.tar.gz
fedora32-10-fedora-10_32.tar.gz
centos32-5.4-centos5.4-x86_32.tar.bz2
centos64-5.4-centos5.4-x86_64.tar.bz2
centos32-5-centos5-i386.tar.bz2
turnkey32-2009.02-turnkey-core-2009.02-hardy-x86.tar.bz2
android-20091025-android-20091025-x86_32.tar.bz2
suse32-11-suse-11_x86_32.tar.bz2
suse64-11-suse-11_x86_64.tar.bz2
suse64-10-suse-10_64.tar.gz
#debian-sarge
debian-etch
debian-lenny
debian-squeeze
debian-sid
#ubuntu-dapper
#ubuntu-edgy
#ubuntu-feisty
#ubuntu-gutsy
ubuntu-hardy
ubuntu-intrepid
ubuntu-jaunty
ubuntu-karmic
#url=ftp://path/
#gentoo32-2007.0-stage3-i686-2007.0.tar.bz2
#gentoo64-2007.0-stage3-amd64-2007.0.tar.bz2
